<?xml version="1.0" encoding="UTF-8"?>
<!-- Generated by org.testng.reporters.JUnitReportReporter -->
<testsuite skipped="0" hostname="INBGQT-LT-0295" name="tests.TestRunner" tests="1" failures="0" timestamp="06 Aug 2018 05:58:42 GMT" time="7.760" errors="0">
  <testcase name="test_SignUp" time="7.760" classname="tests.TestRunner"/>
</testsuite> <!-- tests.TestRunner -->
