<?xml version="1.0" encoding="UTF-8"?>
<!-- Generated by org.testng.reporters.JUnitReportReporter -->
<testsuite skipped="0" hostname="INBGQT-LT-0295" name="tests.TestRunner" tests="1" failures="0" timestamp="24 Aug 2018 10:09:13 GMT" time="7.598" errors="0">
  <testcase name="test_SignUp" time="7.598" classname="tests.TestRunner"/>
</testsuite> <!-- tests.TestRunner -->
